{
  "stats": {
    "suites": 1,
    "tests": 2,
    "passes": 2,
    "pending": 0,
    "failures": 0,
    "start": "2025-01-14T04:22:54.831Z",
    "end": "2025-01-14T04:23:34.788Z",
    "duration": 39957,
    "testsRegistered": 2,
    "passPercent": 100,
    "pendingPercent": 0,
    "other": 0,
    "hasOther": false,
    "skipped": 0,
    "hasSkipped": false
  },
  "results": [
    {
      "uuid": "959a0cac-6862-4dde-9200-144c5232c00e",
      "title": "",
      "fullFile": "cypress\\e2e\\evershop_order.cy.js",
      "file": "cypress\\e2e\\evershop_order.cy.js",
      "beforeHooks": [],
      "afterHooks": [],
      "tests": [],
      "suites": [
        {
          "uuid": "5257617a-83b1-477e-9ed7-7e7400cd7ca7",
          "title": "Login User",
          "fullFile": "",
          "file": "",
          "beforeHooks": [],
          "afterHooks": [],
          "tests": [
            {
              "title": "klik_product",
              "fullTitle": "Login User klik_product",
              "timedOut": null,
              "duration": 17504,
              "state": "passed",
              "speed": "slow",
              "pass": true,
              "fail": false,
              "pending": false,
              "context": null,
              "code": "cy.xpath(\"(//h3[normalize-space()='Featured Products'])[1]\").scrollIntoView();\ncy.xpath(\"(//span[normalize-space()='Nike zoom fly'])[1]\").click();\ncy.url().should('eq', 'https://demo.evershop.io/nike-zoom-fly-161');\ncy.xpath(\"(//a[normalize-space()='S'])[1]\").click();\ncy.xpath(\"(//a[normalize-space()='Blue'])[1]\").click();\ncy.xpath(\"(//input[@placeholder='Qty'])[1]\").clear();\ncy.xpath(\"(//input[@placeholder='Qty'])[1]\").type(1);",
              "err": {},
              "uuid": "de727f8f-acd9-4bb6-bc3b-7882746e5004",
              "parentUUID": "5257617a-83b1-477e-9ed7-7e7400cd7ca7",
              "isHook": false,
              "skipped": false
            },
            {
              "title": "add_to_cart",
              "fullTitle": "Login User add_to_cart",
              "timedOut": null,
              "duration": 18456,
              "state": "passed",
              "speed": "slow",
              "pass": true,
              "fail": false,
              "pending": false,
              "context": null,
              "code": "cy.xpath(\"(//h3[normalize-space()='Featured Products'])[1]\").scrollIntoView();\ncy.xpath(\"(//span[normalize-space()='Nike zoom fly'])[1]\").click();\ncy.url().should('eq', 'https://demo.evershop.io/nike-zoom-fly-161');\ncy.xpath(\"(//a[normalize-space()='S'])[1]\").click();\ncy.wait(2000);\ncy.xpath(\"(//a[normalize-space()='Blue'])[1]\").click();\ncy.wait(2000);\ncy.xpath(\"(//input[@placeholder='Qty'])[1]\").clear();\ncy.wait(2000);\ncy.xpath(\"(//input[@placeholder='Qty'])[1]\").type(1);\ncy.wait(2000);\ncy.xpath(\"(//button[@type='button'])[1]\").click();",
              "err": {},
              "uuid": "68b7bd37-589d-434d-92d6-ebdf7b2984f5",
              "parentUUID": "5257617a-83b1-477e-9ed7-7e7400cd7ca7",
              "isHook": false,
              "skipped": false
            }
          ],
          "suites": [],
          "passes": [
            "de727f8f-acd9-4bb6-bc3b-7882746e5004",
            "68b7bd37-589d-434d-92d6-ebdf7b2984f5"
          ],
          "failures": [],
          "pending": [],
          "skipped": [],
          "duration": 35960,
          "root": false,
          "rootEmpty": false,
          "_timeout": 2000
        }
      ],
      "passes": [],
      "failures": [],
      "pending": [],
      "skipped": [],
      "duration": 0,
      "root": true,
      "rootEmpty": true,
      "_timeout": 2000
    }
  ],
  "meta": {
    "mocha": {
      "version": "7.0.1"
    },
    "mochawesome": {
      "options": {
        "quiet": false,
        "reportFilename": "mochawesome",
        "saveHtml": true,
        "saveJson": true,
        "consoleReporter": "spec",
        "useInlineDiffs": false,
        "code": true
      },
      "version": "7.1.3"
    },
    "marge": {
      "options": null,
      "version": "6.2.0"
    }
  }
}